<?xml version="1.0" encoding="UTF-8"?>
<testsuite name="tund7.ManguTuum1Test" tests="5" skipped="0" failures="0" errors="0" timestamp="2022-06-02T09:25:39" hostname="WINLANTO-NB" time="0.004">
  <properties/>
  <testcase name="testShowScore" classname="tund7.ManguTuum1Test" time="0.0"/>
  <testcase name="testLiikumine" classname="tund7.ManguTuum1Test" time="0.0"/>
  <testcase name="testOunaleJuhuslikKoht" classname="tund7.ManguTuum1Test" time="0.002"/>
  <testcase name="testUssiKohad" classname="tund7.ManguTuum1Test" time="0.0"/>
  <testcase name="testGetSuunad" classname="tund7.ManguTuum1Test" time="0.0"/>
  <system-out><![CDATA[Ouna uus asukoht: [8, 4]
Ouna uus asukoht: [3, 0]
Ouna uus asukoht: [2, 1]
Ouna uus asukoht: [0, 1]
]]></system-out>
  <system-err><![CDATA[]]></system-err>
</testsuite>
