<?xml version="1.0" encoding="UTF-8"?>
<testsuite name="tund7.ManguTuum1Test" tests="5" skipped="0" failures="0" errors="0" timestamp="2022-06-03T11:03:05" hostname="WINLANTO-NB" time="0.005">
  <properties/>
  <testcase name="testShowScore" classname="tund7.ManguTuum1Test" time="0.001"/>
  <testcase name="testLiikumine" classname="tund7.ManguTuum1Test" time="0.0"/>
  <testcase name="testOunaleJuhuslikKoht" classname="tund7.ManguTuum1Test" time="0.004"/>
  <testcase name="testUssiKohad" classname="tund7.ManguTuum1Test" time="0.0"/>
  <testcase name="testGetSuunad" classname="tund7.ManguTuum1Test" time="0.0"/>
  <system-out><![CDATA[Ouna uus asukoht: [4, 1]
Ouna uus asukoht: [7, 7]
Ouna uus asukoht: [2, 1]
Ouna uus asukoht: [0, 1]
]]></system-out>
  <system-err><![CDATA[]]></system-err>
</testsuite>
