<?xml version="1.0" encoding="UTF-8"?>
<testsuite name="gradle1.GradleTutorialTest" tests="1" skipped="0" failures="0" errors="0" timestamp="2022-05-30T14:10:32" hostname="WINLANTO-NB" time="0.004">
  <properties/>
  <testcase name="verifyNoExceptionThrown" classname="gradle1.GradleTutorialTest" time="0.004"/>
  <system-out><![CDATA[Gradle: Hello World!
]]></system-out>
  <system-err><![CDATA[]]></system-err>
</testsuite>
