<?xml version="1.0" encoding="UTF-8"?>
<testsuite name="tund8.AppTest" tests="4" skipped="0" failures="0" errors="0" timestamp="2022-06-01T22:33:09" hostname="WINLANTO-NB" time="0.004">
  <properties/>
  <testcase name="testText" classname="tund8.AppTest" time="0.002"/>
  <testcase name="testKorruta" classname="tund8.AppTest" time="0.0"/>
  <testcase name="testKorrutaNulliga" classname="tund8.AppTest" time="0.0"/>
  <testcase name="verifyNoExceptionThrown" classname="tund8.AppTest" time="0.001"/>
  <system-out><![CDATA[Test
]]></system-out>
  <system-err><![CDATA[]]></system-err>
</testsuite>
